2014/01/15 11:03:43 [error] [exception.CHttpException.404] exception 'CHttpException' with message 'Unable to resolve the request "favicon.ico".' in /Users/muthu/Sites/mykit/framework/web/CWebApplication.php:286
Stack trace:
#0 /Users/muthu/Sites/mykit/framework/web/CWebApplication.php(141): CWebApplication->runController('favicon.ico')
#1 /Users/muthu/Sites/mykit/framework/base/CApplication.php(180): CWebApplication->processRequest()
#2 /Users/muthu/Sites/mykit/mykitapp/index.php(13): CApplication->run()
#3 {main}
REQUEST_URI=/favicon.ico
---
2014/01/15 11:03:49 [error] [exception.CHttpException.404] exception 'CHttpException' with message 'Unable to resolve the request "features.html".' in /Users/muthu/Sites/mykit/framework/web/CWebApplication.php:286
Stack trace:
#0 /Users/muthu/Sites/mykit/framework/web/CWebApplication.php(141): CWebApplication->runController('features.html')
#1 /Users/muthu/Sites/mykit/framework/base/CApplication.php(180): CWebApplication->processRequest()
#2 /Users/muthu/Sites/mykit/mykitapp/index.php(13): CApplication->run()
#3 {main}
REQUEST_URI=/features.html
HTTP_REFERER=http://www.mykit.com/
---
2014/01/15 11:32:09 [error] [exception.CHttpException.404] exception 'CHttpException' with message 'The requested view "Demo 404 page" was not found.' in /Users/muthu/Sites/mykit/framework/web/actions/CViewAction.php:112
Stack trace:
#0 /Users/muthu/Sites/mykit/framework/web/actions/CViewAction.php(123): CViewAction->resolveView('Demo 404 page')
#1 /Users/muthu/Sites/mykit/framework/web/actions/CAction.php(76): CViewAction->run()
#2 /Users/muthu/Sites/mykit/framework/web/CController.php(308): CAction->runWithParams(Array)
#3 /Users/muthu/Sites/mykit/framework/web/CController.php(286): CController->runAction(Object(CViewAction))
#4 /Users/muthu/Sites/mykit/framework/web/CController.php(265): CController->runActionWithFilters(Object(CViewAction), Array)
#5 /Users/muthu/Sites/mykit/framework/web/CWebApplication.php(282): CController->run('page')
#6 /Users/muthu/Sites/mykit/framework/web/CWebApplication.php(141): CWebApplication->runController('site/page')
#7 /Users/muthu/Sites/mykit/framework/base/CApplication.php(180): CWebApplication->processRequest()
#8 /Users/muthu/Sites/mykit/mykitapp/index.php(13): CApplication->run()
#9 {main}
REQUEST_URI=/index.php/site/page?view=Demo+404+page
HTTP_REFERER=http://www.mykit.com/index.php/site/page?view=buttons_and_icons
---
2014/01/15 12:17:44 [error] [exception.CHttpException.404] exception 'CHttpException' with message 'Unable to resolve the request "contact".' in /Users/muthu/Sites/mykit/framework/web/CWebApplication.php:286
Stack trace:
#0 /Users/muthu/Sites/mykit/framework/web/CWebApplication.php(141): CWebApplication->runController('contact')
#1 /Users/muthu/Sites/mykit/framework/base/CApplication.php(180): CWebApplication->processRequest()
#2 /Users/muthu/Sites/mykit/mykitapp/index.php(13): CApplication->run()
#3 {main}
REQUEST_URI=/contact
---
2014/01/15 12:17:55 [error] [exception.CHttpException.404] exception 'CHttpException' with message 'Unable to resolve the request "contact".' in /Users/muthu/Sites/mykit/framework/web/CWebApplication.php:286
Stack trace:
#0 /Users/muthu/Sites/mykit/framework/web/CWebApplication.php(141): CWebApplication->runController('contact')
#1 /Users/muthu/Sites/mykit/framework/base/CApplication.php(180): CWebApplication->processRequest()
#2 /Users/muthu/Sites/mykit/mykitapp/index.php(13): CApplication->run()
#3 {main}
REQUEST_URI=/index.php/contact
---
2014/01/15 12:20:32 [error] [exception.CHttpException.404] exception 'CHttpException' with message 'Unable to resolve the request "login".' in /Users/muthu/Sites/mykit/framework/web/CWebApplication.php:286
Stack trace:
#0 /Users/muthu/Sites/mykit/framework/web/CWebApplication.php(141): CWebApplication->runController('login')
#1 /Users/muthu/Sites/mykit/framework/base/CApplication.php(180): CWebApplication->processRequest()
#2 /Users/muthu/Sites/mykit/mykitapp/index.php(13): CApplication->run()
#3 {main}
REQUEST_URI=/login
---
2014/01/15 12:20:46 [error] [exception.CHttpException.404] exception 'CHttpException' with message 'The requested view "Demo 404 page" was not found.' in /Users/muthu/Sites/mykit/framework/web/actions/CViewAction.php:112
Stack trace:
#0 /Users/muthu/Sites/mykit/framework/web/actions/CViewAction.php(123): CViewAction->resolveView('Demo 404 page')
#1 /Users/muthu/Sites/mykit/framework/web/actions/CAction.php(76): CViewAction->run()
#2 /Users/muthu/Sites/mykit/framework/web/CController.php(308): CAction->runWithParams(Array)
#3 /Users/muthu/Sites/mykit/framework/web/CController.php(286): CController->runAction(Object(CViewAction))
#4 /Users/muthu/Sites/mykit/framework/web/CController.php(265): CController->runActionWithFilters(Object(CViewAction), Array)
#5 /Users/muthu/Sites/mykit/framework/web/CWebApplication.php(282): CController->run('page')
#6 /Users/muthu/Sites/mykit/framework/web/CWebApplication.php(141): CWebApplication->runController('site/page')
#7 /Users/muthu/Sites/mykit/framework/base/CApplication.php(180): CWebApplication->processRequest()
#8 /Users/muthu/Sites/mykit/mykitapp/index.php(13): CApplication->run()
#9 {main}
REQUEST_URI=/index.php/site/page?view=Demo+404+page
HTTP_REFERER=http://www.mykit.com/index.php/site/page?view=buttons_and_icons
---
2014/01/15 13:49:21 [warning] [application] Failed to set unsafe attribute "created_at" of "Content".
in /Users/muthu/Sites/mykit/mykitapp/protected/controllers/ContentController.php (72)
in /Users/muthu/Sites/mykit/mykitapp/index.php (13)
2014/01/15 13:49:21 [warning] [application] Failed to set unsafe attribute "updated_at" of "Content".
in /Users/muthu/Sites/mykit/mykitapp/protected/controllers/ContentController.php (72)
in /Users/muthu/Sites/mykit/mykitapp/index.php (13)
2014/01/15 13:57:02 [warning] [application] Failed to set unsafe attribute "created_at" of "Content".
in /Users/muthu/Sites/mykit/mykitapp/protected/controllers/ContentController.php (72)
in /Users/muthu/Sites/mykit/mykitapp/index.php (13)
2014/01/15 13:57:02 [warning] [application] Failed to set unsafe attribute "updated_at" of "Content".
in /Users/muthu/Sites/mykit/mykitapp/protected/controllers/ContentController.php (72)
in /Users/muthu/Sites/mykit/mykitapp/index.php (13)
2014/01/15 13:58:09 [warning] [application] Failed to set unsafe attribute "created_at" of "Content".
in /Users/muthu/Sites/mykit/mykitapp/protected/controllers/ContentController.php (72)
in /Users/muthu/Sites/mykit/mykitapp/index.php (13)
2014/01/15 13:58:09 [warning] [application] Failed to set unsafe attribute "updated_at" of "Content".
in /Users/muthu/Sites/mykit/mykitapp/protected/controllers/ContentController.php (72)
in /Users/muthu/Sites/mykit/mykitapp/index.php (13)
2014/01/15 13:58:56 [warning] [application] Failed to set unsafe attribute "created_at" of "Content".
in /Users/muthu/Sites/mykit/mykitapp/protected/controllers/ContentController.php (72)
in /Users/muthu/Sites/mykit/mykitapp/index.php (13)
2014/01/15 13:58:56 [warning] [application] Failed to set unsafe attribute "updated_at" of "Content".
in /Users/muthu/Sites/mykit/mykitapp/protected/controllers/ContentController.php (72)
in /Users/muthu/Sites/mykit/mykitapp/index.php (13)
2014/01/15 14:00:24 [warning] [application] Failed to set unsafe attribute "image" of "Content".
in /Users/muthu/Sites/mykit/mykitapp/protected/controllers/ContentController.php (72)
in /Users/muthu/Sites/mykit/mykitapp/index.php (13)
2014/01/15 14:00:24 [warning] [application] Failed to set unsafe attribute "created_at" of "Content".
in /Users/muthu/Sites/mykit/mykitapp/protected/controllers/ContentController.php (72)
in /Users/muthu/Sites/mykit/mykitapp/index.php (13)
2014/01/15 14:00:24 [warning] [application] Failed to set unsafe attribute "updated_at" of "Content".
in /Users/muthu/Sites/mykit/mykitapp/protected/controllers/ContentController.php (72)
in /Users/muthu/Sites/mykit/mykitapp/index.php (13)
2014/01/15 14:00:38 [warning] [application] Failed to set unsafe attribute "image" of "Content".
in /Users/muthu/Sites/mykit/mykitapp/protected/controllers/ContentController.php (72)
in /Users/muthu/Sites/mykit/mykitapp/index.php (13)
2014/01/15 14:00:38 [warning] [application] Failed to set unsafe attribute "created_at" of "Content".
in /Users/muthu/Sites/mykit/mykitapp/protected/controllers/ContentController.php (72)
in /Users/muthu/Sites/mykit/mykitapp/index.php (13)
2014/01/15 14:00:38 [warning] [application] Failed to set unsafe attribute "updated_at" of "Content".
in /Users/muthu/Sites/mykit/mykitapp/protected/controllers/ContentController.php (72)
in /Users/muthu/Sites/mykit/mykitapp/index.php (13)
2014/01/15 14:11:03 [warning] [application] Failed to set unsafe attribute "image" of "Content".
in /Users/muthu/Sites/mykit/mykitapp/protected/controllers/ContentController.php (73)
in /Users/muthu/Sites/mykit/mykitapp/index.php (13)
2014/01/15 14:11:03 [warning] [application] Failed to set unsafe attribute "created_at" of "Content".
in /Users/muthu/Sites/mykit/mykitapp/protected/controllers/ContentController.php (73)
in /Users/muthu/Sites/mykit/mykitapp/index.php (13)
2014/01/15 14:11:03 [warning] [application] Failed to set unsafe attribute "updated_at" of "Content".
in /Users/muthu/Sites/mykit/mykitapp/protected/controllers/ContentController.php (73)
in /Users/muthu/Sites/mykit/mykitapp/index.php (13)
2014/01/15 14:14:17 [warning] [application] Failed to set unsafe attribute "image" of "Content".
in /Users/muthu/Sites/mykit/mykitapp/protected/controllers/ContentController.php (73)
in /Users/muthu/Sites/mykit/mykitapp/index.php (13)
2014/01/15 14:14:17 [warning] [application] Failed to set unsafe attribute "created_at" of "Content".
in /Users/muthu/Sites/mykit/mykitapp/protected/controllers/ContentController.php (73)
in /Users/muthu/Sites/mykit/mykitapp/index.php (13)
2014/01/15 14:14:17 [warning] [application] Failed to set unsafe attribute "updated_at" of "Content".
in /Users/muthu/Sites/mykit/mykitapp/protected/controllers/ContentController.php (73)
in /Users/muthu/Sites/mykit/mykitapp/index.php (13)
2014/01/15 14:14:27 [warning] [application] Failed to set unsafe attribute "image" of "Content".
in /Users/muthu/Sites/mykit/mykitapp/protected/controllers/ContentController.php (73)
in /Users/muthu/Sites/mykit/mykitapp/index.php (13)
2014/01/15 14:14:27 [warning] [application] Failed to set unsafe attribute "created_at" of "Content".
in /Users/muthu/Sites/mykit/mykitapp/protected/controllers/ContentController.php (73)
in /Users/muthu/Sites/mykit/mykitapp/index.php (13)
2014/01/15 14:14:27 [warning] [application] Failed to set unsafe attribute "updated_at" of "Content".
in /Users/muthu/Sites/mykit/mykitapp/protected/controllers/ContentController.php (73)
in /Users/muthu/Sites/mykit/mykitapp/index.php (13)
2014/01/15 14:16:19 [warning] [application] Failed to set unsafe attribute "image" of "Content".
in /Users/muthu/Sites/mykit/mykitapp/protected/controllers/ContentController.php (73)
in /Users/muthu/Sites/mykit/mykitapp/index.php (13)
2014/01/15 14:16:19 [warning] [application] Failed to set unsafe attribute "created_at" of "Content".
in /Users/muthu/Sites/mykit/mykitapp/protected/controllers/ContentController.php (73)
in /Users/muthu/Sites/mykit/mykitapp/index.php (13)
2014/01/15 14:16:19 [warning] [application] Failed to set unsafe attribute "updated_at" of "Content".
in /Users/muthu/Sites/mykit/mykitapp/protected/controllers/ContentController.php (73)
in /Users/muthu/Sites/mykit/mykitapp/index.php (13)
2014/01/15 14:18:51 [warning] [application] Failed to set unsafe attribute "image" of "Content".
in /Users/muthu/Sites/mykit/mykitapp/protected/controllers/ContentController.php (73)
in /Users/muthu/Sites/mykit/mykitapp/index.php (13)
2014/01/15 14:18:51 [warning] [application] Failed to set unsafe attribute "created_at" of "Content".
in /Users/muthu/Sites/mykit/mykitapp/protected/controllers/ContentController.php (73)
in /Users/muthu/Sites/mykit/mykitapp/index.php (13)
2014/01/15 14:18:51 [warning] [application] Failed to set unsafe attribute "updated_at" of "Content".
in /Users/muthu/Sites/mykit/mykitapp/protected/controllers/ContentController.php (73)
in /Users/muthu/Sites/mykit/mykitapp/index.php (13)
2014/01/15 14:18:51 [error] [php] imagejpeg() [<a href='function.imagejpeg'>function.imagejpeg</a>]: Unable to open 'images/experience/content-.jpg' for writing: No such file or directory (/Users/muthu/Sites/mykit/mykitapp/protected/extensions/EUploadedImage.php:301)
Stack trace:
#0 /Users/muthu/Sites/mykit/mykitapp/protected/controllers/ContentController.php(89): EUploadedImage->saveAs()
#1 /Users/muthu/Sites/mykit/framework/web/actions/CInlineAction.php(49): ContentController->actionCreate()
#2 /Users/muthu/Sites/mykit/framework/web/CController.php(308): CInlineAction->runWithParams()
#3 /Users/muthu/Sites/mykit/framework/web/filters/CFilterChain.php(133): ContentController->runAction()
#4 /Users/muthu/Sites/mykit/framework/web/filters/CFilter.php(40): CFilterChain->run()
#5 /Users/muthu/Sites/mykit/framework/web/CController.php(1145): CAccessControlFilter->filter()
#6 /Users/muthu/Sites/mykit/framework/web/filters/CInlineFilter.php(58): ContentController->filterAccessControl()
#7 /Users/muthu/Sites/mykit/framework/web/filters/CFilterChain.php(130): CInlineFilter->filter()
#8 /Users/muthu/Sites/mykit/framework/web/CController.php(291): CFilterChain->run()
#9 /Users/muthu/Sites/mykit/framework/web/CController.php(265): ContentController->runActionWithFilters()
#10 /Users/muthu/Sites/mykit/framework/web/CWebApplication.php(282): ContentController->run()
#11 /Users/muthu/Sites/mykit/framework/web/CWebApplication.php(141): CWebApplication->runController()
#12 /Users/muthu/Sites/mykit/framework/base/CApplication.php(180): CWebApplication->processRequest()
#13 /Users/muthu/Sites/mykit/mykitapp/index.php(13): CWebApplication->run()
REQUEST_URI=/index.php/content/create
in /Users/muthu/Sites/mykit/mykitapp/protected/extensions/EUploadedImage.php (301)
in /Users/muthu/Sites/mykit/mykitapp/protected/extensions/EUploadedImage.php (238)
in /Users/muthu/Sites/mykit/mykitapp/protected/controllers/ContentController.php (89)
2014/01/15 14:19:57 [warning] [application] Failed to set unsafe attribute "image" of "Content".
in /Users/muthu/Sites/mykit/mykitapp/protected/controllers/ContentController.php (73)
in /Users/muthu/Sites/mykit/mykitapp/index.php (13)
2014/01/15 14:19:57 [warning] [application] Failed to set unsafe attribute "created_at" of "Content".
in /Users/muthu/Sites/mykit/mykitapp/protected/controllers/ContentController.php (73)
in /Users/muthu/Sites/mykit/mykitapp/index.php (13)
2014/01/15 14:19:57 [warning] [application] Failed to set unsafe attribute "updated_at" of "Content".
in /Users/muthu/Sites/mykit/mykitapp/protected/controllers/ContentController.php (73)
in /Users/muthu/Sites/mykit/mykitapp/index.php (13)
2014/01/15 14:19:57 [error] [exception.CException] exception 'CException' with message 'Property "CWebApplication.iwi" is not defined.' in /Users/muthu/Sites/mykit/framework/base/CComponent.php:130
Stack trace:
#0 /Users/muthu/Sites/mykit/framework/base/CModule.php(105): CComponent->__get('iwi')
#1 /Users/muthu/Sites/mykit/mykitapp/protected/controllers/ContentController.php(92): CModule->__get('iwi')
#2 /Users/muthu/Sites/mykit/framework/web/actions/CInlineAction.php(49): ContentController->actionCreate()
#3 /Users/muthu/Sites/mykit/framework/web/CController.php(308): CInlineAction->runWithParams(Array)
#4 /Users/muthu/Sites/mykit/framework/web/filters/CFilterChain.php(133): CController->runAction(Object(CInlineAction))
#5 /Users/muthu/Sites/mykit/framework/web/filters/CFilter.php(40): CFilterChain->run()
#6 /Users/muthu/Sites/mykit/framework/web/CController.php(1145): CFilter->filter(Object(CFilterChain))
#7 /Users/muthu/Sites/mykit/framework/web/filters/CInlineFilter.php(58): CController->filterAccessControl(Object(CFilterChain))
#8 /Users/muthu/Sites/mykit/framework/web/filters/CFilterChain.php(130): CInlineFilter->filter(Object(CFilterChain))
#9 /Users/muthu/Sites/mykit/framework/web/CController.php(291): CFilterChain->run()
#10 /Users/muthu/Sites/mykit/framework/web/CController.php(265): CController->runActionWithFilters(Object(CInlineAction), Array)
#11 /Users/muthu/Sites/mykit/framework/web/CWebApplication.php(282): CController->run('create')
#12 /Users/muthu/Sites/mykit/framework/web/CWebApplication.php(141): CWebApplication->runController('content/create')
#13 /Users/muthu/Sites/mykit/framework/base/CApplication.php(180): CWebApplication->processRequest()
#14 /Users/muthu/Sites/mykit/mykitapp/index.php(13): CApplication->run()
#15 {main}
REQUEST_URI=/index.php/content/create
HTTP_REFERER=http://www.mykit.com/index.php/content/create
---
2014/01/15 14:20:49 [warning] [application] Failed to set unsafe attribute "image" of "Content".
in /Users/muthu/Sites/mykit/mykitapp/protected/controllers/ContentController.php (73)
in /Users/muthu/Sites/mykit/mykitapp/index.php (13)
2014/01/15 14:20:49 [warning] [application] Failed to set unsafe attribute "created_at" of "Content".
in /Users/muthu/Sites/mykit/mykitapp/protected/controllers/ContentController.php (73)
in /Users/muthu/Sites/mykit/mykitapp/index.php (13)
2014/01/15 14:20:49 [warning] [application] Failed to set unsafe attribute "updated_at" of "Content".
in /Users/muthu/Sites/mykit/mykitapp/protected/controllers/ContentController.php (73)
in /Users/muthu/Sites/mykit/mykitapp/index.php (13)
2014/01/15 14:20:49 [error] [system.db.CDbCommand] CDbCommand::fetchAll() failed: SQLSTATE[42S02]: Base table or view not found: 1146 Table 'wpplugin.{{storage}}' doesn't exist. The SQL statement executed was: SHOW FULL COLUMNS FROM `{{storage}}`.
in /Users/muthu/Sites/mykit/mykitapp/protected/extensions/iwi/Iwi.php (142)
in /Users/muthu/Sites/mykit/mykitapp/protected/extensions/iwi/Iwi.php (126)
in /Users/muthu/Sites/mykit/mykitapp/protected/extensions/iwi/Iwi.php (56)
2014/01/15 14:20:50 [error] [php] Undefined variable: upload_main (/Users/muthu/Sites/mykit/mykitapp/protected/controllers/ContentController.php:93)
Stack trace:
#0 /Users/muthu/Sites/mykit/framework/web/filters/CFilterChain.php(133): ContentController->runAction()
#1 /Users/muthu/Sites/mykit/framework/web/filters/CFilter.php(40): CFilterChain->run()
#2 /Users/muthu/Sites/mykit/framework/web/CController.php(1145): CAccessControlFilter->filter()
#3 /Users/muthu/Sites/mykit/framework/web/filters/CInlineFilter.php(58): ContentController->filterAccessControl()
#4 /Users/muthu/Sites/mykit/framework/web/filters/CFilterChain.php(130): CInlineFilter->filter()
#5 /Users/muthu/Sites/mykit/framework/web/CController.php(291): CFilterChain->run()
#6 /Users/muthu/Sites/mykit/framework/web/CController.php(265): ContentController->runActionWithFilters()
#7 /Users/muthu/Sites/mykit/framework/web/CWebApplication.php(282): ContentController->run()
#8 /Users/muthu/Sites/mykit/framework/web/CWebApplication.php(141): CWebApplication->runController()
#9 /Users/muthu/Sites/mykit/framework/base/CApplication.php(180): CWebApplication->processRequest()
#10 /Users/muthu/Sites/mykit/mykitapp/index.php(13): CWebApplication->run()
REQUEST_URI=/index.php/content/create
in /Users/muthu/Sites/mykit/mykitapp/protected/controllers/ContentController.php (93)
in /Users/muthu/Sites/mykit/mykitapp/index.php (13)
2014/01/15 14:21:08 [warning] [application] Failed to set unsafe attribute "image" of "Content".
in /Users/muthu/Sites/mykit/mykitapp/protected/controllers/ContentController.php (73)
in /Users/muthu/Sites/mykit/mykitapp/index.php (13)
2014/01/15 14:21:08 [warning] [application] Failed to set unsafe attribute "created_at" of "Content".
in /Users/muthu/Sites/mykit/mykitapp/protected/controllers/ContentController.php (73)
in /Users/muthu/Sites/mykit/mykitapp/index.php (13)
2014/01/15 14:21:08 [warning] [application] Failed to set unsafe attribute "updated_at" of "Content".
in /Users/muthu/Sites/mykit/mykitapp/protected/controllers/ContentController.php (73)
in /Users/muthu/Sites/mykit/mykitapp/index.php (13)
2014/01/15 14:24:35 [warning] [application] Failed to set unsafe attribute "image" of "Content".
in /Users/muthu/Sites/mykit/mykitapp/protected/controllers/ContentController.php (73)
in /Users/muthu/Sites/mykit/mykitapp/index.php (13)
2014/01/15 14:24:35 [warning] [application] Failed to set unsafe attribute "created_at" of "Content".
in /Users/muthu/Sites/mykit/mykitapp/protected/controllers/ContentController.php (73)
in /Users/muthu/Sites/mykit/mykitapp/index.php (13)
2014/01/15 14:24:35 [warning] [application] Failed to set unsafe attribute "updated_at" of "Content".
in /Users/muthu/Sites/mykit/mykitapp/protected/controllers/ContentController.php (73)
in /Users/muthu/Sites/mykit/mykitapp/index.php (13)
2014/01/15 15:25:35 [error] [php] include(Order.php) [<a href='function.include'>function.include</a>]: failed to open stream: No such file or directory (/Users/muthu/Sites/mykit/framework/YiiBase.php:427)
Stack trace:
#0 /Users/muthu/Sites/mykit/mykitapp/themes/abound/views/layouts/tpl_navigation.php(15): spl_autoload_call()
#1 /Users/muthu/Sites/mykit/mykitapp/themes/abound/views/layouts/main.php(70): require_once()
#2 /Users/muthu/Sites/mykit/framework/web/CBaseController.php(126): require()
#3 /Users/muthu/Sites/mykit/framework/web/CBaseController.php(95): SiteController->renderInternal()
#4 /Users/muthu/Sites/mykit/framework/web/widgets/CContentDecorator.php(76): SiteController->renderFile()
#5 /Users/muthu/Sites/mykit/framework/web/widgets/CContentDecorator.php(54): CContentDecorator->decorate()
#6 /Users/muthu/Sites/mykit/framework/web/widgets/COutputProcessor.php(44): CContentDecorator->processOutput()
#7 /Users/muthu/Sites/mykit/framework/web/CBaseController.php(206): CContentDecorator->run()
#8 /Users/muthu/Sites/mykit/framework/web/CBaseController.php(300): SiteController->endWidget()
#9 /Users/muthu/Sites/mykit/mykitapp/themes/abound/views/layouts/column1.php(14): SiteController->endContent()
#10 /Users/muthu/Sites/mykit/framework/web/CBaseController.php(126): require()
#11 /Users/muthu/Sites/mykit/framework/web/CBaseController.php(95): SiteController->renderInternal()
#12 /Users/muthu/Sites/mykit/framework/web/CController.php(784): SiteController->renderFile()
#13 /Users/muthu/Sites/mykit/mykitapp/protected/controllers/SiteController.php(78): SiteController->render()
#14 /Users/muthu/Sites/mykit/framework/web/actions/CInlineAction.php(49): SiteController->actionIndex()
#15 /Users/muthu/Sites/mykit/framework/web/CController.php(308): CInlineAction->runWithParams()
#16 /Users/muthu/Sites/mykit/framework/web/CController.php(286): SiteController->runAction()
#17 /Users/muthu/Sites/mykit/framework/web/CController.php(265): SiteController->runActionWithFilters()
#18 /Users/muthu/Sites/mykit/framework/web/CWebApplication.php(282): SiteController->run()
#19 /Users/muthu/Sites/mykit/framework/web/CWebApplication.php(141): CWebApplication->runController()
#20 /Users/muthu/Sites/mykit/framework/base/CApplication.php(180): CWebApplication->processRequest()
#21 /Users/muthu/Sites/mykit/mykitapp/index.php(13): CWebApplication->run()
REQUEST_URI=/
in /Users/muthu/Sites/mykit/mykitapp/themes/abound/views/layouts/tpl_navigation.php (15)
in /Users/muthu/Sites/mykit/mykitapp/themes/abound/views/layouts/main.php (70)
in /Users/muthu/Sites/mykit/mykitapp/themes/abound/views/layouts/column1.php (14)
2014/01/15 15:28:41 [error] [exception.CHttpException.404] exception 'CHttpException' with message 'Unable to resolve the request "css/images/favicon.ico".' in /Users/muthu/Sites/mykit/framework/web/CWebApplication.php:286
Stack trace:
#0 /Users/muthu/Sites/mykit/framework/web/CWebApplication.php(141): CWebApplication->runController('css/images/favi...')
#1 /Users/muthu/Sites/mykit/framework/base/CApplication.php(180): CWebApplication->processRequest()
#2 /Users/muthu/Sites/mykit/mykitapp/index.php(13): CApplication->run()
#3 {main}
REQUEST_URI=/css/images/favicon.ico
---
2014/01/15 15:28:59 [error] [exception.CHttpException.404] exception 'CHttpException' with message 'Unable to resolve the request "admin/neworder".' in /Users/muthu/Sites/mykit/framework/web/CWebApplication.php:286
Stack trace:
#0 /Users/muthu/Sites/mykit/framework/web/CWebApplication.php(141): CWebApplication->runController('admin/neworder')
#1 /Users/muthu/Sites/mykit/framework/base/CApplication.php(180): CWebApplication->processRequest()
#2 /Users/muthu/Sites/mykit/mykitapp/index.php(13): CApplication->run()
#3 {main}
REQUEST_URI=/index.php/admin/neworder
HTTP_REFERER=http://www.mykit.com/
---
2014/01/15 15:44:20 [warning] [application] Failed to set unsafe attribute "image" of "Content".
in /Users/muthu/Sites/mykit/mykitapp/protected/controllers/ContentController.php (73)
in /Users/muthu/Sites/mykit/mykitapp/index.php (13)
